{"contracts\\DEX.sol":{"l":{"40":33,"41":33,"48":9,"50":8,"51":6,"53":2,"54":2,"56":1,"59":7,"62":7,"63":7,"66":7,"67":7,"70":7,"71":7,"73":7,"81":2,"82":2,"83":1,"85":1,"86":1,"88":1,"91":1,"92":1,"94":1,"95":1,"98":1,"99":1,"101":1,"109":3,"111":2,"112":2,"115":2,"116":2,"119":2,"120":2,"122":2,"130":1,"132":1,"133":1,"136":1,"137":1,"140":1,"141":1,"143":1,"148":1,"149":0,"157":6,"165":3,"166":3,"168":3,"169":3,"170":3,"172":3,"176":6,"177":6,"178":6,"179":6,"180":450,"181":450,"184":0},"path":"C:\\Project\\dex-amm\\contracts\\DEX.sol","s":{"1":9,"2":8,"3":2,"4":2,"5":7,"6":7,"7":7,"8":7,"9":2,"10":2,"11":1,"12":1,"13":1,"14":1,"15":1,"16":3,"17":2,"18":2,"19":2,"20":2,"21":1,"22":1,"23":1,"24":1,"25":1,"26":1,"27":6,"28":3,"29":3,"30":3,"31":3,"32":3,"33":6,"34":6,"35":6,"36":0},"b":{"1":[8,1],"2":[6,2],"3":[1,1],"4":[7,0],"5":[2,0],"6":[1,1],"7":[1,0],"8":[1,0],"9":[2,1],"10":[2,0],"11":[1,0],"12":[1,0],"13":[0,1],"14":[3,0],"15":[3,0],"16":[6,0],"17":[0,0]},"f":{"1":33,"2":9,"3":2,"4":3,"5":1,"6":1,"7":6,"8":3,"9":6},"fnMap":{"1":{"name":"constructor","line":39,"loc":{"start":{"line":39,"column":4},"end":{"line":42,"column":4}}},"2":{"name":"addLiquidity","line":44,"loc":{"start":{"line":44,"column":4},"end":{"line":75,"column":4}}},"3":{"name":"removeLiquidity","line":77,"loc":{"start":{"line":77,"column":4},"end":{"line":103,"column":4}}},"4":{"name":"swapAforB","line":105,"loc":{"start":{"line":105,"column":4},"end":{"line":124,"column":4}}},"5":{"name":"swapBforA","line":126,"loc":{"start":{"line":126,"column":4},"end":{"line":145,"column":4}}},"6":{"name":"getPrice","line":147,"loc":{"start":{"line":147,"column":4},"end":{"line":150,"column":4}}},"7":{"name":"getReserves","line":152,"loc":{"start":{"line":152,"column":4},"end":{"line":158,"column":4}}},"8":{"name":"getAmountOut","line":160,"loc":{"start":{"line":160,"column":4},"end":{"line":174,"column":4}}},"9":{"name":"_sqrt","line":175,"loc":{"start":{"line":175,"column":4},"end":{"line":186,"column":4}}}},"statementMap":{"1":{"start":{"line":48,"column":7},"end":{"line":48,"column":60}},"2":{"start":{"line":50,"column":8},"end":{"line":50,"column":1256}},"3":{"start":{"line":53,"column":12},"end":{"line":53,"column":69}},"4":{"start":{"line":54,"column":12},"end":{"line":54,"column":63}},"5":{"start":{"line":59,"column":8},"end":{"line":59,"column":68}},"6":{"start":{"line":62,"column":8},"end":{"line":62,"column":70}},"7":{"start":{"line":63,"column":8},"end":{"line":63,"column":70}},"8":{"start":{"line":73,"column":8},"end":{"line":73,"column":74}},"9":{"start":{"line":81,"column":8},"end":{"line":81,"column":63}},"10":{"start":{"line":82,"column":8},"end":{"line":82,"column":82}},"11":{"start":{"line":83,"column":8},"end":{"line":83,"column":50}},"12":{"start":{"line":88,"column":8},"end":{"line":88,"column":72}},"13":{"start":{"line":98,"column":8},"end":{"line":98,"column":51}},"14":{"start":{"line":99,"column":8},"end":{"line":99,"column":51}},"15":{"start":{"line":101,"column":8},"end":{"line":101,"column":76}},"16":{"start":{"line":109,"column":8},"end":{"line":109,"column":53}},"17":{"start":{"line":112,"column":8},"end":{"line":112,"column":60}},"18":{"start":{"line":119,"column":8},"end":{"line":119,"column":72}},"19":{"start":{"line":120,"column":8},"end":{"line":120,"column":54}},"20":{"start":{"line":122,"column":8},"end":{"line":122,"column":68}},"21":{"start":{"line":130,"column":8},"end":{"line":130,"column":53}},"22":{"start":{"line":133,"column":8},"end":{"line":133,"column":60}},"23":{"start":{"line":140,"column":8},"end":{"line":140,"column":72}},"24":{"start":{"line":141,"column":8},"end":{"line":141,"column":54}},"25":{"start":{"line":143,"column":8},"end":{"line":143,"column":68}},"26":{"start":{"line":148,"column":8},"end":{"line":148,"column":60}},"27":{"start":{"line":157,"column":8},"end":{"line":157,"column":35}},"28":{"start":{"line":165,"column":8},"end":{"line":165,"column":57}},"29":{"start":{"line":166,"column":8},"end":{"line":166,"column":73}},"30":{"start":{"line":168,"column":8},"end":{"line":168,"column":48}},"31":{"start":{"line":169,"column":8},"end":{"line":169,"column":56}},"32":{"start":{"line":170,"column":8},"end":{"line":170,"column":64}},"33":{"start":{"line":176,"column":8},"end":{"line":176,"column":5316}},"34":{"start":{"line":178,"column":12},"end":{"line":178,"column":33}},"35":{"start":{"line":179,"column":12},"end":{"line":179,"column":5402}},"36":{"start":{"line":183,"column":15},"end":{"line":183,"column":5507}}},"branchMap":{"1":{"line":48,"type":"if","locations":[{"start":{"line":48,"column":7},"end":{"line":48,"column":7}},{"start":{"line":48,"column":7},"end":{"line":48,"column":7}}]},"2":{"line":50,"type":"if","locations":[{"start":{"line":50,"column":8},"end":{"line":50,"column":8}},{"start":{"line":50,"column":8},"end":{"line":50,"column":8}}]},"3":{"line":54,"type":"if","locations":[{"start":{"line":54,"column":12},"end":{"line":54,"column":12}},{"start":{"line":54,"column":12},"end":{"line":54,"column":12}}]},"4":{"line":59,"type":"if","locations":[{"start":{"line":59,"column":8},"end":{"line":59,"column":8}},{"start":{"line":59,"column":8},"end":{"line":59,"column":8}}]},"5":{"line":81,"type":"if","locations":[{"start":{"line":81,"column":8},"end":{"line":81,"column":8}},{"start":{"line":81,"column":8},"end":{"line":81,"column":8}}]},"6":{"line":82,"type":"if","locations":[{"start":{"line":82,"column":8},"end":{"line":82,"column":8}},{"start":{"line":82,"column":8},"end":{"line":82,"column":8}}]},"7":{"line":83,"type":"if","locations":[{"start":{"line":83,"column":8},"end":{"line":83,"column":8}},{"start":{"line":83,"column":8},"end":{"line":83,"column":8}}]},"8":{"line":88,"type":"if","locations":[{"start":{"line":88,"column":8},"end":{"line":88,"column":8}},{"start":{"line":88,"column":8},"end":{"line":88,"column":8}}]},"9":{"line":109,"type":"if","locations":[{"start":{"line":109,"column":8},"end":{"line":109,"column":8}},{"start":{"line":109,"column":8},"end":{"line":109,"column":8}}]},"10":{"line":112,"type":"if","locations":[{"start":{"line":112,"column":8},"end":{"line":112,"column":8}},{"start":{"line":112,"column":8},"end":{"line":112,"column":8}}]},"11":{"line":130,"type":"if","locations":[{"start":{"line":130,"column":8},"end":{"line":130,"column":8}},{"start":{"line":130,"column":8},"end":{"line":130,"column":8}}]},"12":{"line":133,"type":"if","locations":[{"start":{"line":133,"column":8},"end":{"line":133,"column":8}},{"start":{"line":133,"column":8},"end":{"line":133,"column":8}}]},"13":{"line":148,"type":"if","locations":[{"start":{"line":148,"column":8},"end":{"line":148,"column":8}},{"start":{"line":148,"column":8},"end":{"line":148,"column":8}}]},"14":{"line":165,"type":"if","locations":[{"start":{"line":165,"column":8},"end":{"line":165,"column":8}},{"start":{"line":165,"column":8},"end":{"line":165,"column":8}}]},"15":{"line":166,"type":"if","locations":[{"start":{"line":166,"column":8},"end":{"line":166,"column":8}},{"start":{"line":166,"column":8},"end":{"line":166,"column":8}}]},"16":{"line":176,"type":"if","locations":[{"start":{"line":176,"column":8},"end":{"line":176,"column":8}},{"start":{"line":176,"column":8},"end":{"line":176,"column":8}}]},"17":{"line":183,"type":"if","locations":[{"start":{"line":183,"column":15},"end":{"line":183,"column":15}},{"start":{"line":183,"column":15},"end":{"line":183,"column":15}}]}}},"contracts\\MockERC20.sol":{"l":{"12":66,"16":0},"path":"C:\\Project\\dex-amm\\contracts\\MockERC20.sol","s":{"1":66,"2":0},"b":{},"f":{"1":66,"2":0},"fnMap":{"1":{"name":"constructor","line":11,"loc":{"start":{"line":7,"column":4},"end":{"line":13,"column":4}}},"2":{"name":"mint","line":15,"loc":{"start":{"line":15,"column":4},"end":{"line":17,"column":4}}}},"statementMap":{"1":{"start":{"line":12,"column":8},"end":{"line":12,"column":39}},"2":{"start":{"line":16,"column":8},"end":{"line":16,"column":24}}},"branchMap":{}}}